This is pdfTeX, Version 3.141592653-2.6-1.40.22 (TeX Live 2021) (preloaded format=pdflatex 2022.4.26)  4 OCT 2022 22:25
entering extended mode
 restricted \write18 enabled.
 file:line:error style messages enabled.
 %&-line parsing enabled.
**SILABO_2022-1S_ITI_FUNDAMENTOS-DE-PROGRAMACION_STALIN-FRANCIS.tex
(./SILABO_2022-1S_ITI_FUNDAMENTOS-DE-PROGRAMACION_STALIN-FRANCIS.tex
LaTeX2e <2020-10-01> patch level 4
L3 programming layer <2021-05-07>
(/usr/share/texlive/texmf-dist/tex/latex/base/article.cls
Document Class: article 2020/04/10 v1.4m Standard LaTeX document class
(/usr/share/texlive/texmf-dist/tex/latex/base/size12.clo
File: size12.clo 2020/04/10 v1.4m Standard LaTeX file (size option)
)
\c@part=\count179
\c@section=\count180
\c@subsection=\count181
\c@subsubsection=\count182
\c@paragraph=\count183
\c@subparagraph=\count184
\c@figure=\count185
\c@table=\count186
\abovecaptionskip=\skip47
\belowcaptionskip=\skip48
\bibindent=\dimen138
)
(/usr/share/texlive/texmf-dist/tex/latex/colortbl/colortbl.sty
Package: colortbl 2020/01/04 v1.0e Color table columns (DPC)

(/usr/share/texlive/texmf-dist/tex/latex/tools/array.sty
Package: array 2020/10/01 v2.5c Tabular extension package (FMi)
\col@sep=\dimen139
\ar@mcellbox=\box47
\extrarowheight=\dimen140
\NC@list=\toks15
\extratabsurround=\skip49
\backup@length=\skip50
\ar@cellbox=\box48
)
(/usr/share/texlive/texmf-dist/tex/latex/graphics/color.sty
Package: color 2020/02/24 v1.2b Standard LaTeX Color (DPC)

(/usr/share/texlive/texmf-dist/tex/latex/graphics-cfg/color.cfg
File: color.cfg 2016/01/02 v1.6 sample color configuration
)
Package color Info: Driver file: pdftex.def on input line 147.

(/usr/share/texlive/texmf-dist/tex/latex/graphics-def/pdftex.def
File: pdftex.def 2020/10/05 v1.2a Graphics/color driver for pdftex
))
\everycr=\toks16
\minrowclearance=\skip51
)
(/usr/share/texlive/texmf-dist/tex/latex/xcolor/xcolor.sty
Package: xcolor 2016/05/11 v2.12 LaTeX color extensions (UK)

(/usr/share/texlive/texmf-dist/tex/latex/graphics-cfg/color.cfg
File: color.cfg 2016/01/02 v1.6 sample color configuration
)
Package xcolor Info: Driver file: pdftex.def on input line 225.
LaTeX Info: Redefining \color on input line 709.
\rownum=\count187
Package xcolor Info: Model `cmy' substituted by `cmy0' on input line 1348.
Package xcolor Info: Model `hsb' substituted by `rgb' on input line 1352.
Package xcolor Info: Model `RGB' extended on input line 1364.
Package xcolor Info: Model `HTML' substituted by `rgb' on input line 1366.
Package xcolor Info: Model `Hsb' substituted by `hsb' on input line 1367.
Package xcolor Info: Model `tHsb' substituted by `hsb' on input line 1368.
Package xcolor Info: Model `HSB' substituted by `hsb' on input line 1369.
Package xcolor Info: Model `Gray' substituted by `gray' on input line 1370.
Package xcolor Info: Model `wave' substituted by `hsb' on input line 1371.

(/usr/share/texlive/texmf-dist/tex/latex/graphics/dvipsnam.def
File: dvipsnam.def 2016/06/17 v3.0m Driver-dependent file (DPC,SPQR)
))
(/usr/share/texlive/texmf-dist/tex/latex/booktabs/booktabs.sty
Package: booktabs 2020/01/12 v1.61803398 Publication quality tables
\heavyrulewidth=\dimen141
\lightrulewidth=\dimen142
\cmidrulewidth=\dimen143
\belowrulesep=\dimen144
\belowbottomsep=\dimen145
\aboverulesep=\dimen146
\abovetopsep=\dimen147
\cmidrulesep=\dimen148
\cmidrulekern=\dimen149
\defaultaddspace=\dimen150
\@cmidla=\count188
\@cmidlb=\count189
\@aboverulesep=\dimen151
\@belowrulesep=\dimen152
\@thisruleclass=\count190
\@lastruleclass=\count191
\@thisrulewidth=\dimen153
)
(/usr/share/texlive/texmf-dist/tex/latex/tools/tabularx.sty
Package: tabularx 2020/01/15 v2.11c `tabularx' package (DPC)
\TX@col@width=\dimen154
\TX@old@table=\dimen155
\TX@old@col=\dimen156
\TX@target=\dimen157
\TX@delta=\dimen158
\TX@cols=\count192
\TX@ftn=\toks17
)
(/usr/share/texlive/texmf-dist/tex/latex/geometry/geometry.sty
Package: geometry 2020/01/02 v5.9 Page Geometry

(/usr/share/texlive/texmf-dist/tex/latex/graphics/keyval.sty
Package: keyval 2014/10/28 v1.15 key=value parser (DPC)
\KV@toks@=\toks18
)
(/usr/share/texlive/texmf-dist/tex/generic/iftex/ifvtex.sty
Package: ifvtex 2019/10/25 v1.7 ifvtex legacy package. Use iftex instead.

(/usr/share/texlive/texmf-dist/tex/generic/iftex/iftex.sty
Package: iftex 2020/03/06 v1.0d TeX engine tests
))
\Gm@cnth=\count193
\Gm@cntv=\count194
\c@Gm@tempcnt=\count195
\Gm@bindingoffset=\dimen159
\Gm@wd@mp=\dimen160
\Gm@odd@mp=\dimen161
\Gm@even@mp=\dimen162
\Gm@layoutwidth=\dimen163
\Gm@layoutheight=\dimen164
\Gm@layouthoffset=\dimen165
\Gm@layoutvoffset=\dimen166
\Gm@dimlist=\toks19
)
(/usr/share/texlive/texmf-dist/tex/latex/pdfpages/pdfpages.sty
Package: pdfpages 2021/03/06 v0.5t Insert pages of external PDF documents (AM)

(/usr/share/texlive/texmf-dist/tex/latex/base/ifthen.sty
Package: ifthen 2014/09/29 v1.1c Standard LaTeX ifthen package (DPC)
)
(/usr/share/texlive/texmf-dist/tex/latex/tools/calc.sty
Package: calc 2017/05/25 v4.3 Infix arithmetic (KKT,FJ)
\calc@Acount=\count196
\calc@Bcount=\count197
\calc@Adimen=\dimen167
\calc@Bdimen=\dimen168
\calc@Askip=\skip52
\calc@Bskip=\skip53
LaTeX Info: Redefining \setlength on input line 80.
LaTeX Info: Redefining \addtolength on input line 81.
\calc@Ccount=\count198
\calc@Cskip=\skip54
)
(/usr/share/texlive/texmf-dist/tex/latex/eso-pic/eso-pic.sty
Package: eso-pic 2020/10/14 v3.0a eso-pic (RN)
\ESO@tempdima=\dimen169
\ESO@tempdimb=\dimen170
)
(/usr/share/texlive/texmf-dist/tex/latex/graphics/graphicx.sty
Package: graphicx 2020/09/09 v1.2b Enhanced LaTeX Graphics (DPC,SPQR)

(/usr/share/texlive/texmf-dist/tex/latex/graphics/graphics.sty
Package: graphics 2020/08/30 v1.4c Standard LaTeX Graphics (DPC,SPQR)

(/usr/share/texlive/texmf-dist/tex/latex/graphics/trig.sty
Package: trig 2016/01/03 v1.10 sin cos tan (DPC)
)
(/usr/share/texlive/texmf-dist/tex/latex/graphics-cfg/graphics.cfg
File: graphics.cfg 2016/06/04 v1.11 sample graphics configuration
)
Package graphics Info: Driver file: pdftex.def on input line 105.
)
\Gin@req@height=\dimen171
\Gin@req@width=\dimen172
)
\AM@pagewidth=\dimen173
\AM@pageheight=\dimen174
\AM@fboxrule=\dimen175

(/usr/share/texlive/texmf-dist/tex/latex/pdfpages/pppdftex.def
File: pppdftex.def 2021/03/06 v0.5t Pdfpages driver for pdfTeX (AM)
)
\pdfpages@includegraphics@status=\count199
\AM@pagebox=\box49
\AM@global@opts=\toks20
\AM@pagecnt=\count266
\AM@toc@title=\toks21
\c@AM@survey=\count267
\AM@templatesizebox=\box50
)
(/usr/share/texlive/texmf-dist/tex/latex/base/inputenc.sty
Package: inputenc 2020/08/01 v1.3d Input encoding file
\inpenc@prehook=\toks22
\inpenc@posthook=\toks23
)
(/usr/share/texlive/texmf-dist/tex/latex/base/fontenc.sty
Package: fontenc 2020/08/10 v2.0s Standard LaTeX package
)
(/usr/share/texlive/texmf-dist/tex/latex/psnfss/times.sty
Package: times 2020/03/25 PSNFSS-v9.3 (SPQR) 
)
(/usr/share/texlive/texmf-dist/tex/latex/tex-gyre/tgbonum.sty
Package: tgbonum 2009/09/27 v1.2 TeX Gyre Bonum as default roman family

(/usr/share/texlive/texmf-dist/tex/latex/kvoptions/kvoptions.sty
Package: kvoptions 2020-10-07 v3.14 Key value format for package options (HO)

(/usr/share/texlive/texmf-dist/tex/generic/ltxcmds/ltxcmds.sty
Package: ltxcmds 2020-05-10 v1.25 LaTeX kernel commands for general use (HO)
)
(/usr/share/texlive/texmf-dist/tex/generic/kvsetkeys/kvsetkeys.sty
Package: kvsetkeys 2019/12/15 v1.18 Key value parser (HO)
)))
(/usr/share/texlive/texmf-dist/tex/latex/float/float.sty
Package: float 2001/11/08 v1.3d Float enhancements (AL)
\c@float@type=\count268
\float@exts=\toks24
\float@box=\box51
\@float@everytoks=\toks25
\@floatcapt=\box52
)
(/usr/share/texlive/texmf-dist/tex/generic/babel/babel.sty
Package: babel 2021/04/26 3.58 The Babel package

(/usr/share/texlive/texmf-dist/tex/generic/babel/babel.def
File: babel.def 2021/04/26 3.58 Babel common definitions
\babel@savecnt=\count269
\U@D=\dimen176
\l@unhyphenated=\language3

(/usr/share/texlive/texmf-dist/tex/generic/babel/txtbabel.def)
\bbl@readstream=\read2
)
\bbl@dirlevel=\count270

(/usr/share/texlive/texmf-dist/tex/generic/babel-spanish/spanish.ldf
Language: spanish.ldf 2016/03/03 v5.0p Spanish support from the babel system


Package babel Warning: No hyphenation patterns were preloaded for
(babel)                the language `Spanish' into the format.
(babel)                Please, configure your TeX system to add them and
(babel)                rebuild the format. Now I will use the patterns
(babel)                preloaded for \language=0 instead on input line 51.

Package babel Info: Hyphen rules for 'spanish' set to \l@english
(babel)             (\language0). Reported on input line 52.
\es@quottoks=\toks26
\es@quotdepth=\count271
Package babel Info: Making " an active character on input line 561.
Package babel Info: Making . an active character on input line 662.
Package babel Info: Making < an active character on input line 707.
Package babel Info: Making > an active character on input line 707.
))
LaTeX Info: Redefining \. on input line 16.
LaTeX Info: Redefining \% on input line 16.
 (/usr/share/texlive/texmf-dist/tex/latex/graphics/lscape.sty
Package: lscape 2020/05/28 v3.02 Landscape Pages (DPC)
)
(/usr/share/texlive/texmf-dist/tex/latex/makecell/makecell.sty
Package: makecell 2009/08/03 V0.1e Managing of Tab Column Heads and Cells
\rotheadsize=\dimen177
\c@nlinenum=\count272
\TeXr@lab=\toks27
)
(/usr/share/texlive/texmf-dist/tex/latex/multirow/multirow.sty
Package: multirow 2021/03/15 v2.8 Span multiple rows of a table
\multirow@colwidth=\skip55
\multirow@cntb=\count273
\multirow@dima=\skip56
\bigstrutjot=\dimen178
)
(/usr/share/texlive/texmf-dist/tex/latex/adjustbox/adjustbox.sty
Package: adjustbox 2020/08/19 v1.3 Adjusting TeX boxes (trim, clip, ...)

(/usr/share/texlive/texmf-dist/tex/latex/xkeyval/xkeyval.sty
Package: xkeyval 2020/11/20 v2.8 package option processing (HA)

(/usr/share/texlive/texmf-dist/tex/generic/xkeyval/xkeyval.tex
(/usr/share/texlive/texmf-dist/tex/generic/xkeyval/xkvutils.tex
\XKV@toks=\toks28
\XKV@tempa@toks=\toks29
)
\XKV@depth=\count274
File: xkeyval.tex 2014/12/03 v2.7a key=value parser (HA)
))
(/usr/share/texlive/texmf-dist/tex/latex/adjustbox/adjcalc.sty
Package: adjcalc 2012/05/16 v1.1 Provides advanced setlength with multiple back
-ends (calc, etex, pgfmath)
)
(/usr/share/texlive/texmf-dist/tex/latex/adjustbox/trimclip.sty
Package: trimclip 2020/08/19 v1.2 Trim and clip general TeX material

(/usr/share/texlive/texmf-dist/tex/latex/collectbox/collectbox.sty
Package: collectbox 2012/05/17 v0.4b Collect macro arguments as boxes
\collectedbox=\box53
)
\tc@llx=\dimen179
\tc@lly=\dimen180
\tc@urx=\dimen181
\tc@ury=\dimen182
Package trimclip Info: Using driver 'tc-pdftex.def'.

(/usr/share/texlive/texmf-dist/tex/latex/adjustbox/tc-pdftex.def
File: tc-pdftex.def 2019/01/04 v2.2 Clipping driver for pdftex
))
\adjbox@Width=\dimen183
\adjbox@Height=\dimen184
\adjbox@Depth=\dimen185
\adjbox@Totalheight=\dimen186
\adjbox@pwidth=\dimen187
\adjbox@pheight=\dimen188
\adjbox@pdepth=\dimen189
\adjbox@ptotalheight=\dimen190

(/usr/share/texlive/texmf-dist/tex/latex/ifoddpage/ifoddpage.sty
Package: ifoddpage 2016/04/23 v1.1 Conditionals for odd/even page detection
\c@checkoddpage=\count275
)
(/usr/share/texlive/texmf-dist/tex/latex/varwidth/varwidth.sty
Package: varwidth 2009/03/30 ver 0.92;  Variable-width minipages
\@vwid@box=\box54
\sift@deathcycles=\count276
\@vwid@loff=\dimen191
\@vwid@roff=\dimen192
))
(/usr/share/texlive/texmf-dist/tex/latex/tools/hhline.sty
Package: hhline 2020/01/04 v2.04 Table rule package (DPC)
)
(/usr/share/texlive/texmf-dist/tex/latex/tools/longtable.sty
Package: longtable 2020/01/07 v4.13 Multi-page Table package (DPC)
\LTleft=\skip57
\LTright=\skip58
\LTpre=\skip59
\LTpost=\skip60
\LTchunksize=\count277
\LTcapwidth=\dimen193
\LT@head=\box55
\LT@firsthead=\box56
\LT@foot=\box57
\LT@lastfoot=\box58
\LT@cols=\count278
\LT@rows=\count279
\c@LT@tables=\count280
\c@LT@chunks=\count281
\LT@p@ftn=\toks30
)
(/usr/share/texlive/texmf-dist/tex/latex/fancyhdr/fancyhdr.sty
Package: fancyhdr 2021/01/28 v4.0.1 Extensive control of page headers and foote
rs
\f@nch@headwidth=\skip61
\f@nch@O@elh=\skip62
\f@nch@O@erh=\skip63
\f@nch@O@olh=\skip64
\f@nch@O@orh=\skip65
\f@nch@O@elf=\skip66
\f@nch@O@erf=\skip67
\f@nch@O@olf=\skip68
\f@nch@O@orf=\skip69
)
(/usr/share/texlive/texmf-dist/tex/latex/apacite/apacite.sty
Package: apacite 2013/07/21 v6.03 APA citation
\c@BibCnt=\count282
\bibleftmargin=\skip70
\bibindent=\skip71
\bibparsep=\skip72
\bibitemsep=\skip73
\biblabelsep=\skip74
)
(/usr/share/texlive/texmf-dist/tex/latex/arydshln/arydshln.sty
Package: arydshln 2019/02/21 v1.76 
\dashlinedash=\dimen194
\dashlinegap=\dimen195
\adl@box=\box59
\adl@height=\dimen196
\adl@heightsave=\dimen197
\adl@depth=\dimen198
\adl@depthsave=\dimen199
\adl@finaldepth=\dimen256
\adl@columns=\count283
\adl@ncol=\count284
\adl@currentcolumn=\count285
\adl@currentcolumnsave=\count286
\adl@totalheight=\count287
\adl@totalheightsave=\count288
\adl@dash=\count289
\adl@gap=\count290
\adl@cla=\count291
\adl@clb=\count292
\adl@everyvbox=\toks31
\adl@LTpagetotal=\dimen257
)
(/usr/share/texlive/texmf-dist/tex/latex/tools/enumerate.sty
Package: enumerate 2015/07/23 v3.00 enumerate extensions (DPC)
\@enLab=\toks32
)
(/usr/share/texlive/texmf-dist/tex/latex/enumitem/enumitem.sty
Package: enumitem 2019/06/20 v3.9 Customized lists
\labelindent=\skip75
\enit@outerparindent=\dimen258
\enit@toks=\toks33
\enit@inbox=\box60
\enit@count@id=\count293
\enitdp@description=\count294
)
(/usr/share/texlive/texmf-dist/tex/latex/amsfonts/amsfonts.sty
Package: amsfonts 2013/01/14 v3.01 Basic AMSFonts support
\@emptytoks=\toks34
\symAMSa=\mathgroup4
\symAMSb=\mathgroup5
LaTeX Font Info:    Redeclaring math symbol \hbar on input line 98.
LaTeX Font Info:    Overwriting math alphabet `\mathfrak' in version `bold'
(Font)                  U/euf/m/n --> U/euf/b/n on input line 106.
)
(/usr/share/texlive/texmf-dist/tex/latex/amsfonts/amssymb.sty
Package: amssymb 2013/01/14 v3.01 AMS font symbols
)
\enitdp@todolist=\count295

(/usr/share/texlive/texmf-dist/tex/latex/psnfss/pifont.sty
Package: pifont 2020/03/25 PSNFSS-v9.3 Pi font support (SPQR) 
LaTeX Font Info:    Trying to load font information for U+pzd on input line 63.


(/usr/share/texlive/texmf-dist/tex/latex/psnfss/upzd.fd
File: upzd.fd 2001/06/04 font definitions for U/pzd.
)
LaTeX Font Info:    Trying to load font information for U+psy on input line 64.


(/usr/share/texlive/texmf-dist/tex/latex/psnfss/upsy.fd
File: upsy.fd 2001/06/04 font definitions for U/psy.
))
(/usr/share/texlive/texmf-dist/tex/latex/sectsty/sectsty.sty
Package: sectsty 2002/02/25 v2.0.2 Commands to change all sectional heading sty
les


LaTeX Warning: Command \underbar  has changed.
               Check if current package is valid.


LaTeX Warning: Command \underline  has changed.
               Check if current package is valid.

)

Package fancyhdr Warning: \fancyhead's `E' option without twoside option is use
less on input line 67.


Package fancyhdr Warning: \fancyfoot's `E' option without twoside option is use
less on input line 68.

(/usr/share/texlive/texmf-dist/tex/latex/etoolbox/etoolbox.sty
Package: etoolbox 2020/10/05 v2.5k e-TeX tools for LaTeX (JAW)
\etb@tempcnta=\count296
)
LaTeX Font Info:    Trying to load font information for T1+phv on input line 11
16.

(/usr/share/texlive/texmf-dist/tex/latex/psnfss/t1phv.fd
File: t1phv.fd 2020/03/25 scalable font definitions for T1/phv.
)
(/usr/share/texlive/texmf-dist/tex/latex/l3backend/l3backend-pdftex.def
File: l3backend-pdftex.def 2021-05-07 L3 backend support: PDF output (pdfTeX)
\l__color_backend_stack_int=\count297
\l__pdf_internal_box=\box61
)
(./SILABO_2022-1S_ITI_FUNDAMENTOS-DE-PROGRAMACION_STALIN-FRANCIS.aux
LaTeX Info: Redefining \. on input line 8.
LaTeX Info: Redefining \% on input line 8.
LaTeX Info: Redefining \. on input line 10.
LaTeX Info: Redefining \% on input line 10.
)
\openout1 = `SILABO_2022-1S_ITI_FUNDAMENTOS-DE-PROGRAMACION_STALIN-FRANCIS.aux'
.

LaTeX Font Info:    Checking defaults for OML/cmm/m/it on input line 1116.
LaTeX Font Info:    ... okay on input line 1116.
LaTeX Font Info:    Checking defaults for OMS/cmsy/m/n on input line 1116.
LaTeX Font Info:    ... okay on input line 1116.
LaTeX Font Info:    Checking defaults for OT1/cmr/m/n on input line 1116.
LaTeX Font Info:    ... okay on input line 1116.
LaTeX Font Info:    Checking defaults for T1/cmr/m/n on input line 1116.
LaTeX Font Info:    ... okay on input line 1116.
LaTeX Font Info:    Checking defaults for TS1/cmr/m/n on input line 1116.
LaTeX Font Info:    ... okay on input line 1116.
LaTeX Font Info:    Checking defaults for OMX/cmex/m/n on input line 1116.
LaTeX Font Info:    ... okay on input line 1116.
LaTeX Font Info:    Checking defaults for U/cmr/m/n on input line 1116.
LaTeX Font Info:    ... okay on input line 1116.

(/usr/share/texlive/texmf-dist/tex/context/base/mkii/supp-pdf.mkii
[Loading MPS to PDF converter (version 2006.09.02).]
\scratchcounter=\count298
\scratchdimen=\dimen259
\scratchbox=\box62
\nofMPsegments=\count299
\nofMParguments=\count300
\everyMPshowfont=\toks35
\MPscratchCnt=\count301
\MPscratchDim=\dimen260
\MPnumerator=\count302
\makeMPintoPDFobject=\count303
\everyMPtoPDFconversion=\toks36
) (/usr/share/texlive/texmf-dist/tex/latex/epstopdf-pkg/epstopdf-base.sty
Package: epstopdf-base 2020-01-24 v2.11 Base part for package epstopdf
Package epstopdf-base Info: Redefining graphics rule for `.eps' on input line 4
85.

(/usr/share/texlive/texmf-dist/tex/latex/latexconfig/epstopdf-sys.cfg
File: epstopdf-sys.cfg 2010/07/13 v1.3 Configuration of (r)epstopdf for TeX Liv
e
))
*geometry* driver: auto-detecting
*geometry* detected driver: pdftex
*geometry* verbose mode - [ preamble ] result:
* driver: pdftex
* paper: a4paper
* layout: <same size as paper>
* layoutoffset:(h,v)=(0.0pt,0.0pt)
* modes: 
* h-part:(L,W,R)=(42.67912pt, 512.14963pt, 42.67912pt)
* v-part:(T,H,B)=(101.40665pt, 686.7347pt, 56.9055pt)
* \paperwidth=597.50787pt
* \paperheight=845.04684pt
* \textwidth=512.14963pt
* \textheight=686.7347pt
* \oddsidemargin=-29.59087pt
* \evensidemargin=-29.59087pt
* \topmargin=-19.23293pt
* \headheight=42.67912pt
* \headsep=5.69046pt
* \topskip=12.0pt
* \footskip=30.0pt
* \marginparwidth=35.0pt
* \marginparsep=10.0pt
* \columnsep=10.0pt
* \skip\footins=10.8pt plus 4.0pt minus 2.0pt
* \hoffset=0.0pt
* \voffset=0.0pt
* \mag=1000
* \@twocolumnfalse
* \@twosidefalse
* \@mparswitchfalse
* \@reversemarginfalse
* (1in=72.27pt=25.4mm, 1cm=28.453pt)

(/usr/share/texlive/texmf-dist/tex/latex/pdflscape/pdflscape.sty
Package: pdflscape 2019/12/05 v0.12 Display of landscape pages in PDF (HO)
Package pdflscape Info: Auto-detected driver: pdftex on input line 81.
)
LaTeX Info: Redefining \. on input line 1116.
LaTeX Info: Redefining \% on input line 1116.
\c@maskedRefs=\count304

(/usr/share/texlive/texmf-dist/tex/latex/apacite/spanish.apc
File: spanish.apc 2013/07/21 v6.03 apacite language file
LaTeX Info: Redefining \BPBI on input line 138.
LaTeX Info: Redefining \BHBI on input line 139.
)
<images//logo_utelvte.png, id=1, 623.931pt x 625.537pt>
File: images//logo_utelvte.png Graphic file (type png)
<use images//logo_utelvte.png>
Package pdftex.def Info: images//logo_utelvte.png  used on input line 1134.
(pdftex.def)             Requested size: 124.78398pt x 125.10518pt.

./SILABO_2022-1S_ITI_FUNDAMENTOS-DE-PROGRAMACION_STALIN-FRANCIS.tex:1134: Missi
ng { inserted.
<to be read again> 
                   U
l.1134 }
        
A left brace was mandatory here, so I've put one in.
You might want to delete and/or insert some corrections
so that I will find a matching right brace soon.
(If you're confused by all this, try typing `I}' now.)

./SILABO_2022-1S_ITI_FUNDAMENTOS-DE-PROGRAMACION_STALIN-FRANCIS.tex:1134: Missi
ng } inserted.
<inserted text> 
                }
l.1134 }
        
I've inserted something that you may have forgotten.
(See the <inserted text> above.)
With luck, this will get me unwedged. But if you
really didn't forget anything, try typing `2' now; then
my insertion and my current dilemma will both disappear.

LaTeX Font Info:    Trying to load font information for U+msa on input line 113
4.
(/usr/share/texlive/texmf-dist/tex/latex/amsfonts/umsa.fd
File: umsa.fd 2013/01/14 v3.01 AMS symbols A
)
LaTeX Font Info:    Trying to load font information for U+msb on input line 113
4.

(/usr/share/texlive/texmf-dist/tex/latex/amsfonts/umsb.fd
File: umsb.fd 2013/01/14 v3.01 AMS symbols B
)
Underfull \hbox (badness 10000) in paragraph at lines 1134--1157

 []

[1

{/usr/share/texlive/texmf-var/fonts/map/pdftex/updmap/pdftex.map} <./images//lo
go_utelvte.png>]
Underfull \hbox (badness 10000) in paragraph at lines 1173--1173
[]|\T1/phv/m/n/12 Correquisitos:Física, Análi-sis
 []


Underfull \hbox (badness 2269) in paragraph at lines 1176--1176
[]|\T1/phv/m/n/12 Fin pe-ri-o-do académi-co: Di-ciem-bre
 []


Overfull \hbox (0.99265pt too wide) in paragraph at lines 1168--1183
[][] 
 []


Underfull \hbox (badness 10000) in paragraph at lines 1191--1192

 []


Underfull \hbox (badness 10000) in paragraph at lines 1194--1195

 []

LaTeX Info: Redefining \. on input line 1204.
LaTeX Info: Redefining \% on input line 1204.
[1]
LaTeX Info: Redefining \. on input line 1213.
LaTeX Info: Redefining \% on input line 1213.
 [2]
Overfull \hbox (1.10951pt too wide) in paragraph at lines 1238--1238
[]|[]| 
 []


Overfull \vbox (15.75pt too high) detected at line 1243
 []


Underfull \hbox (badness 1845) in paragraph at lines 1243--1243
[]|\T1/phv/m/n/12 Introducción a las com-puta-do-ras y los
 []


Overfull \vbox (15.75pt too high) detected at line 1253
 []


Overfull \hbox (0.64082pt too wide) in paragraph at lines 1253--1253
[]|[]| 
 []


Overfull \vbox (15.75pt too high) detected at line 1258
 []


Overfull \hbox (0.64082pt too wide) in paragraph at lines 1258--1258
[]|[]| 
 []


Overfull \hbox (5.16084pt too wide) in paragraph at lines 1236--1271
[][] 
 []

LaTeX Info: Redefining \. on input line 1273.
LaTeX Info: Redefining \% on input line 1273.
[3]
LaTeX Info: Redefining \. on input line 1276.
LaTeX Info: Redefining \% on input line 1276.
 [4]
*geometry* verbose mode - [ newgeometry ] result:
* driver: pdftex
* paper: a4paper
* layout: <same size as paper>
* layoutoffset:(h,v)=(0.0pt,0.0pt)
* modes: landscape 
* h-part:(L,W,R)=(56.9055pt, 731.23584pt, 56.9055pt)
* v-part:(T,H,B)=(56.9055pt, 483.69687pt, 56.9055pt)
* \paperwidth=845.04684pt
* \paperheight=597.50787pt
* \textwidth=731.23584pt
* \textheight=483.69687pt
* \oddsidemargin=-15.36449pt
* \evensidemargin=-15.36449pt
* \topmargin=-63.73407pt
* \headheight=42.67912pt
* \headsep=5.69046pt
* \topskip=12.0pt
* \footskip=30.0pt
* \marginparwidth=35.0pt
* \marginparsep=10.0pt
* \columnsep=10.0pt
* \skip\footins=10.8pt plus 4.0pt minus 2.0pt
* \hoffset=0.0pt
* \voffset=0.0pt
* \mag=1000
* \@twocolumnfalse
* \@twosidefalse
* \@mparswitchfalse
* \@reversemarginfalse
* (1in=72.27pt=25.4mm, 1cm=28.453pt)


Underfull \hbox (badness 10000) in paragraph at lines 1321--1322
[]\T1/phv/m/n/12 Se toma una prue-
 []


Underfull \hbox (badness 4673) in paragraph at lines 1321--1322
\T1/phv/m/n/12 ba de di-ag-nós-ti-co de
 []


Underfull \hbox (badness 10000) in paragraph at lines 1321--1322
\T1/phv/m/n/12 conocimien-tos pre-vios
 []

LaTeX Info: Redefining \. on input line 1332.
LaTeX Info: Redefining \% on input line 1332.
[5

]

LaTeX Warning: Citation `Arquiecturapc2' undefined on input line 1356.


LaTeX Warning: Citation `Francis2020' undefined on input line 1360.


Underfull \hbox (badness 1082) in paragraph at lines 1365--1366
\T1/phv/m/n/12 de dis-pos-i-ti-vas co-mo her-ramien-ta de
 []


Underfull \hbox (badness 3646) in paragraph at lines 1376--1377
[]\T1/phv/b/n/12 PREGUNTAS PARA EL
 []


Underfull \hbox (badness 10000) in paragraph at lines 1376--1377
\T1/phv/m/n/12 elab-o-radas en Google
 []


Underfull \hbox (badness 4120) in paragraph at lines 1376--1377
\T1/phv/m/n/12 Form y ser-an en-vi-adas
 []


Overfull \hbox (8.27621pt too wide) in paragraph at lines 1380--1381
[][][][][][][] 
 []


Overfull \vbox (21.68155pt too high) has occurred while \output is active []

LaTeX Info: Redefining \. on input line 1389.
LaTeX Info: Redefining \% on input line 1389.

[6]

LaTeX Warning: Citation `cobbaut15:_linux_fundam' undefined on input line 1415.



Underfull \hbox (badness 10000) in paragraph at lines 1432--1433

 []


Underfull \hbox (badness 2495) in paragraph at lines 1434--1435
\T1/phv/m/n/12 en Ter-mux, creación de
 []


Underfull \hbox (badness 10000) in paragraph at lines 1434--1435

 []


Underfull \hbox (badness 10000) in paragraph at lines 1436--1437
\T1/phv/b/n/12 Teller3\T1/phv/m/n/12 : Ma-nip-u-lación
 []


Underfull \hbox (badness 10000) in paragraph at lines 1436--1437
\T1/phv/m/n/12 de archivos con vim
 []


Underfull \hbox (badness 10000) in paragraph at lines 1436--1437

 []


Underfull \hbox (badness 1824) in paragraph at lines 1438--1439
[]\T1/phv/b/n/12 Taller4\T1/phv/m/n/12 : Ma-nip-u-lación de
 []


Underfull \hbox (badness 10000) in paragraph at lines 1438--1439

 []


Overfull \vbox (0.13951pt too high) has occurred while \output is active []

LaTeX Info: Redefining \. on input line 1446.
LaTeX Info: Redefining \% on input line 1446.

[7]
Underfull \hbox (badness 2253) in paragraph at lines 1475--1476
[]\T1/phv/m/n/12 Mediante \T1/phv/m/sc/12 La clase in-ver-ti-da\T1/phv/m/n/12 ,

 []


Underfull \hbox (badness 10000) in paragraph at lines 1476--1477
[]\T1/phv/m/n/12 Aplicando \T1/phv/m/sc/12 pre-gun-tas y re-
 []


Underfull \hbox (badness 10000) in paragraph at lines 1476--1477
\T1/phv/m/n/12 que los es-tu-di-antes lo es-ten
 []


Underfull \hbox (badness 3646) in paragraph at lines 1488--1490
[]\T1/phv/b/n/12 PREGUNTAS PARA EL
 []


Underfull \hbox (badness 10000) in paragraph at lines 1488--1490
\T1/phv/m/n/12 elab-o-radas en Google
 []


Underfull \hbox (badness 4120) in paragraph at lines 1488--1490
\T1/phv/m/n/12 Form y ser-an en-vi-adas
 []

LaTeX Font Info:    Font shape `T1/phv/m/it' in size <12> not available
(Font)              Font shape `T1/phv/m/sl' tried instead on input line 1491.

Underfull \hbox (badness 10000) in paragraph at lines 1491--1491
[]\T1/phv/b/n/12 Actividad C1\T1/phv/m/n/12 :\T1/phv/m/sl/12 Análisis y
 []


Underfull \hbox (badness 1629) in paragraph at lines 1491--1491
\T1/phv/m/sl/12 Dis-eño de sim-ples prob-
 []


Underfull \hbox (badness 4441) in paragraph at lines 1491--1491
\T1/phv/m/sl/12 le-mas de mátemáti-ca y
 []


Underfull \hbox (badness 10000) in paragraph at lines 1491--1491
\T1/phv/m/sl/12 lóg-i-cas\T1/phv/m/n/12 ; con-si-tente en
 []


Overfull \hbox (8.27621pt too wide) in paragraph at lines 1491--1492
[][][][][][][] 
 []


Underfull \hbox (badness 10000) in paragraph at lines 1491--1492

 []


Overfull \vbox (43.77516pt too high) has occurred while \output is active []

LaTeX Info: Redefining \. on input line 1499.
LaTeX Info: Redefining \% on input line 1499.

[8]

LaTeX Warning: Citation `sierra98' undefined on input line 1528.


Underfull \hbox (badness 4726) in paragraph at lines 1548--1548
[]\T1/phv/b/n/12 Actividad A1: \T1/phv/m/sc/12 Avances
 []


Underfull \hbox (badness 1708) in paragraph at lines 1548--1548
\T1/phv/m/sc/12 de proyec-to: \T1/phv/m/n/12 Di-a-gra-ma
 []


Underfull \hbox (badness 2393) in paragraph at lines 1546--1549
\T1/phv/m/n/12 o-ra un pro-gra-ma donde
 []


Underfull \hbox (badness 10000) in paragraph at lines 1546--1549

 []


Overfull \hbox (11.61209pt too wide) in paragraph at lines 1546--1549
[][][][][][]\T1/phv/m/n/12 . 
 []


Overfull \vbox (8.42613pt too high) has occurred while \output is active []

LaTeX Info: Redefining \. on input line 1560.
LaTeX Info: Redefining \% on input line 1560.

[9]
Underfull \hbox (badness 10000) in paragraph at lines 1587--1588
[]\T1/phv/m/n/12 Aprendizaje basa-do en
 []


Underfull \hbox (badness 3646) in paragraph at lines 1596--1598
[]\T1/phv/b/n/12 PREGUNTAS PARA EL
 []


Underfull \hbox (badness 10000) in paragraph at lines 1596--1598
\T1/phv/m/n/12 elab-o-radas en Google
 []


Underfull \hbox (badness 4120) in paragraph at lines 1596--1598
\T1/phv/m/n/12 Form y ser-an en-vi-adas
 []


Underfull \hbox (badness 1960) in paragraph at lines 1599--1599
\T1/phv/m/n/12 ac-tivos utilzian-do la her-
 []


Underfull \hbox (badness 4940) in paragraph at lines 1599--1599
\T1/phv/m/n/12 ramien-to For-mu-la-rios de
 []


Overfull \hbox (11.61209pt too wide) in paragraph at lines 1599--1600
[][][][][][][]\T1/phv/m/n/12 . 
 []


Overfull \vbox (3.52351pt too high) has occurred while \output is active []

LaTeX Info: Redefining \. on input line 1611.
LaTeX Info: Redefining \% on input line 1611.

[10]
Underfull \hbox (badness 3646) in paragraph at lines 1648--1650
[]\T1/phv/b/n/12 PREGUNTAS PARA EL
 []


Underfull \hbox (badness 10000) in paragraph at lines 1648--1650
\T1/phv/m/n/12 elab-o-radas en Google
 []


Underfull \hbox (badness 4120) in paragraph at lines 1648--1650
\T1/phv/m/n/12 Form y ser-an en-vi-adas
 []


Underfull \hbox (badness 2269) in paragraph at lines 1651--1651
\T1/phv/m/sc/12 menu in-te-grador\T1/phv/m/n/12 ; este
 []


Underfull \hbox (badness 2150) in paragraph at lines 1651--1651
\T1/phv/m/n/12 mostrará y eje-cu-tará los
 []


Underfull \hbox (badness 7667) in paragraph at lines 1651--1651
\T1/phv/m/n/12 pro-gra-mas de los in-te-
 []


Overfull \hbox (11.61209pt too wide) in paragraph at lines 1651--1654
[][][][][][][]\T1/phv/m/n/12 .
 []

LaTeX Info: Redefining \. on input line 1664.
LaTeX Info: Redefining \% on input line 1664.
[11]

LaTeX Warning: Citation `aguilar2008' undefined on input line 1687.


Underfull \hbox (badness 3646) in paragraph at lines 1703--1705
[]\T1/phv/b/n/12 PREGUNTAS PARA EL
 []


Underfull \hbox (badness 10000) in paragraph at lines 1703--1705
\T1/phv/m/n/12 elab-o-radas en Google
 []


Underfull \hbox (badness 4120) in paragraph at lines 1703--1705
\T1/phv/m/n/12 Form y ser-an en-vi-adas
 []


Underfull \hbox (badness 3942) in paragraph at lines 1707--1707
\T1/phv/m/sc/12 fi-nal In-te-grador \T1/phv/m/n/12 ; El
 []


Underfull \hbox (badness 1122) in paragraph at lines 1707--1707
\T1/phv/m/n/12 pro-gra-ma de la ac-tivi-dad
 []


Overfull \hbox (11.61209pt too wide) in paragraph at lines 1707--1710
[][][][][][][]\T1/phv/m/n/12 .
 []

LaTeX Info: Redefining \. on input line 1718.
LaTeX Info: Redefining \% on input line 1718.
[12]
Underfull \hbox (badness 10000) in paragraph at lines 1727--1727
[]|\T1/phv/m/n/12 RESULTADO
 []


Underfull \hbox (badness 10000) in paragraph at lines 1727--1727
\T1/phv/m/n/12 DEL APREN-
 []


Overfull \vbox (22.1375pt too high) has occurred while \output is active []

LaTeX Info: Redefining \. on input line 1761.
LaTeX Info: Redefining \% on input line 1761.

[13]
LaTeX Info: Redefining \. on input line 1808.
LaTeX Info: Redefining \% on input line 1808.
 [14

]
Overfull \hbox (4.41954pt too wide) in paragraph at lines 1831--1831
[]|\T1/phv/m/n/12 EVALUACION| 
 []

(./SILABO_2022-1S_ITI_FUNDAMENTOS-DE-PROGRAMACION_STALIN-FRANCIS.bbl

LaTeX Warning: Empty `thebibliography' environment on input line 3.

)
LaTeX Info: Redefining \. on input line 1853.
LaTeX Info: Redefining \% on input line 1853.
 [15]
Underfull \hbox (badness 10000) in paragraph at lines 1857--1860

 []


Overfull \hbox (11.23555pt too wide) in paragraph at lines 1877--1877
|[] []
 []

LaTeX Info: Redefining \. on input line 1926.
LaTeX Info: Redefining \% on input line 1926.
[16]
LaTeX Info: Redefining \. on input line 1931.
LaTeX Info: Redefining \% on input line 1931.
 [17] (./SILABO_2022-1S_ITI_FUNDAMENTOS-DE-PROGRAMACION_STALIN-FRANCIS.aux
LaTeX Info: Redefining \. on input line 8.
LaTeX Info: Redefining \% on input line 8.
LaTeX Info: Redefining \. on input line 10.
LaTeX Info: Redefining \% on input line 10.
)

LaTeX Warning: There were undefined references.

 )
(\end occurred inside a group at level 1)

### semi simple group (level 1) entered at line 1278 (\begingroup)
### bottom level 
Here is how much of TeX's memory you used:
 9005 strings out of 480806
 128988 string characters out of 5905151
 509575 words of memory out of 6000000
 26186 multiletter control sequences out of 15000+600000
 445945 words of font info for 85 fonts, out of 8000000 for 9000
 14 hyphenation exceptions out of 8191
 70i,19n,76p,582b,602s stack positions out of 5000i,500n,10000p,200000b,80000s
{/usr/share/texlive/texmf-dist/fonts/enc/dvips/base/8r.enc}</us
r/share/texlive/texmf-dist/fonts/type1/public/amsfonts/cm/cmex10.pfb></usr/shar
e/texlive/texmf-dist/fonts/type1/public/amsfonts/cm/cmmi8.pfb></usr/share/texli
ve/texmf-dist/fonts/type1/public/amsfonts/cm/cmr8.pfb></usr/share/texlive/texmf
-dist/fonts/type1/public/amsfonts/symbols/msam10.pfb></usr/share/texlive/texmf-
dist/fonts/type1/urw/helvetic/uhvb8a.pfb></usr/share/texlive/texmf-dist/fonts/t
ype1/urw/helvetic/uhvr8a.pfb></usr/share/texlive/texmf-dist/fonts/type1/urw/hel
vetic/uhvro8a.pfb></usr/share/texlive/texmf-dist/fonts/type1/urw/zapfding/uzdr.
pfb>
Output written on SILABO_2022-1S_ITI_FUNDAMENTOS-DE-PROGRAMACION_STALIN-FRANCIS
.pdf (18 pages, 173931 bytes).
PDF statistics:
 98 PDF objects out of 1000 (max. 8388607)
 67 compressed objects within 1 object stream
 0 named destinations out of 1000 (max. 500000)
 6 words of extra memory for PDF output out of 10000 (max. 10000000)

