This is pdfTeX, Version 3.141592653-2.6-1.40.22 (TeX Live 2021) (preloaded format=pdflatex 2022.5.16)  7 JUN 2022 07:25
entering extended mode
 restricted \write18 enabled.
 %&-line parsing enabled.
**\nonstopmode\input Reactivos-2P-PA.tex
(./Reactivos-2P-PA.tex

! LaTeX Error: File `exam.cls' not found.

Type X to quit or <RETURN> to proceed,
or enter new name. (Default extension: cls)

Enter file name: 
! Emergency stop.
<read *> 
         
l.3 \usepackage
               [top=1.5cm,left=2cm,right=2cm]{geometry}^^M
*** (cannot \read from terminal in nonstop modes)

 
Here is how much of TeX's memory you used:
 23 strings out of 480806
 487 string characters out of 5905151
 281494 words of memory out of 6000000
 17502 multiletter control sequences out of 15000+600000
 403430 words of font info for 27 fonts, out of 8000000 for 9000
 14 hyphenation exceptions out of 8191
 19i,0n,27p,124b,13s stack positions out of 5000i,500n,10000p,200000b,80000s
!  ==> Fatal error occurred, no output PDF file produced!
